<?xml version="1.0" encoding="UTF-8"?>
<testsuite name="UserTest" tests="1" skipped="0" failures="0" errors="0" timestamp="2019-03-18T19:20:49" hostname="nmscde004108.nms.kcl.ac.uk" time="0.001">
  <properties/>
  <testcase name="getAllBidsOnItemWithExtraUser" classname="UserTest" time="0.001"/>
  <system-out><![CDATA[Bid made succesfully (John, toy, 10)
Bid made succesfully (Marios, toy, 13)
Bid made succesfully (John, toy, 15)
]]></system-out>
  <system-err><![CDATA[]]></system-err>
</testsuite>
