<?xml version="1.0" encoding="UTF-8"?>
<testsuite name="BidTest" tests="1" skipped="0" failures="0" errors="0" timestamp="2019-03-18T19:20:49" hostname="nmscde004108.nms.kcl.ac.uk" time="0.0">
  <properties/>
  <testcase name="getItem" classname="BidTest" time="0.0"/>
  <system-out><![CDATA[]]></system-out>
  <system-err><![CDATA[]]></system-err>
</testsuite>
